[main] ERROR paczkaTestowa.LogMain  - error
[main] WARN  paczkaTestowa.LogMain  - warning
[main] INFO  paczkaTestowa.LogMain  - info
[main] DEBUG paczkaTestowa.LogMain  - debug
[main] TRACE paczkaTestowa.LogMain  - trace
[main] ERROR paczkaTestowa.LogMain  - error
[main] WARN  paczkaTestowa.LogMain  - warning
[main] ERROR paczkaTestowa.LogMain  - error
[main] WARN  paczkaTestowa.LogMain  - warning
[main] INFO  paczkaTestowa.LogMain  - info
[main] ERROR paczkaTestowa.LogMain  - error
[main] WARN  paczkaTestowa.LogMain  - warning
[main] INFO  paczkaTestowa.LogMain  - info Employee{personId=0, firstName='null', lastName='null', email='test@email', birthDate=null}, jakis teks
[main] INFO  org.hibernate.Version  - HHH000412: Hibernate ORM core version 5.4.27.Final
[main] INFO  org.hibernate.annotations.common.Version  - HCANN000001: Hibernate Commons Annotations {5.1.2.Final}
[main] WARN  org.hibernate.orm.connections.pooling  - HHH10001002: Using Hibernate built-in connection pool (not for production use!)
[main] INFO  org.hibernate.orm.connections.pooling  - HHH10001005: using driver [com.mysql.cj.jdbc.Driver] at URL [jdbc:mysql://localhost:3306/mysql?serverTimezone=Europe/Warsaw]
[main] INFO  org.hibernate.orm.connections.pooling  - HHH10001001: Connection properties: {password=****, user=root}
[main] INFO  org.hibernate.orm.connections.pooling  - HHH10001003: Autocommit mode: false
[main] INFO  org.hibernate.engine.jdbc.connections.internal.DriverManagerConnectionProviderImpl  - HHH000115: Hibernate connection pool size: 20 (min=1)
[main] INFO  org.hibernate.dialect.Dialect  - HHH000400: Using dialect: org.hibernate.dialect.MySQL8Dialect
[main] INFO  org.hibernate.id.enhanced.TableGenerator  - HHH000398: Explicit segment value for id generator [hibernate_sequences.sequence_name] suggested; using default [default]
[main] INFO  org.hibernate.engine.transaction.jta.platform.internal.JtaPlatformInitiator  - HHH000490: Using JtaPlatform implementation: [org.hibernate.engine.transaction.jta.platform.internal.NoJtaPlatform]
[main] WARN  org.hibernate.engine.jdbc.spi.SqlExceptionHelper  - SQL Error: 1146, SQLState: 42S02
[main] ERROR org.hibernate.engine.jdbc.spi.SqlExceptionHelper  - Table 'mysql.employees' doesn't exist
[main] INFO  org.hibernate.Version  - HHH000412: Hibernate ORM core version 5.4.27.Final
[main] INFO  org.hibernate.annotations.common.Version  - HCANN000001: Hibernate Commons Annotations {5.1.2.Final}
[main] WARN  org.hibernate.orm.connections.pooling  - HHH10001002: Using Hibernate built-in connection pool (not for production use!)
[main] INFO  org.hibernate.orm.connections.pooling  - HHH10001005: using driver [com.mysql.cj.jdbc.Driver] at URL [jdbc:mysql://localhost:3306/mysql?serverTimezone=Europe/Warsaw]
[main] INFO  org.hibernate.orm.connections.pooling  - HHH10001001: Connection properties: {password=****, user=root}
[main] INFO  org.hibernate.orm.connections.pooling  - HHH10001003: Autocommit mode: false
[main] INFO  org.hibernate.engine.jdbc.connections.internal.DriverManagerConnectionProviderImpl  - HHH000115: Hibernate connection pool size: 20 (min=1)
[main] INFO  org.hibernate.dialect.Dialect  - HHH000400: Using dialect: org.hibernate.dialect.MySQL8Dialect
[main] INFO  org.hibernate.id.enhanced.TableGenerator  - HHH000398: Explicit segment value for id generator [hibernate_sequences.sequence_name] suggested; using default [default]
[main] INFO  org.hibernate.engine.transaction.jta.platform.internal.JtaPlatformInitiator  - HHH000490: Using JtaPlatform implementation: [org.hibernate.engine.transaction.jta.platform.internal.NoJtaPlatform]
[main] INFO  org.hibernate.orm.connections.pooling  - HHH10001008: Cleaning up connection pool [jdbc:mysql://localhost:3306/mysql?serverTimezone=Europe/Warsaw]
[main] INFO  org.hibernate.Version  - HHH000412: Hibernate ORM core version 5.4.27.Final
[main] INFO  org.hibernate.annotations.common.Version  - HCANN000001: Hibernate Commons Annotations {5.1.2.Final}
[main] WARN  org.hibernate.orm.connections.pooling  - HHH10001002: Using Hibernate built-in connection pool (not for production use!)
[main] INFO  org.hibernate.orm.connections.pooling  - HHH10001005: using driver [com.mysql.cj.jdbc.Driver] at URL [jdbc:mysql://localhost:3306/mysql?serverTimezone=Europe/Warsaw]
[main] INFO  org.hibernate.orm.connections.pooling  - HHH10001001: Connection properties: {password=****, user=root}
[main] INFO  org.hibernate.orm.connections.pooling  - HHH10001003: Autocommit mode: false
[main] INFO  org.hibernate.engine.jdbc.connections.internal.DriverManagerConnectionProviderImpl  - HHH000115: Hibernate connection pool size: 20 (min=1)
[main] INFO  org.hibernate.dialect.Dialect  - HHH000400: Using dialect: org.hibernate.dialect.MySQL8Dialect
[main] INFO  org.hibernate.id.enhanced.TableGenerator  - HHH000398: Explicit segment value for id generator [hibernate_sequences.sequence_name] suggested; using default [default]
[main] INFO  org.hibernate.engine.transaction.jta.platform.internal.JtaPlatformInitiator  - HHH000490: Using JtaPlatform implementation: [org.hibernate.engine.transaction.jta.platform.internal.NoJtaPlatform]
[main] INFO  org.hibernate.orm.connections.pooling  - HHH10001008: Cleaning up connection pool [jdbc:mysql://localhost:3306/mysql?serverTimezone=Europe/Warsaw]
[main] INFO  org.hibernate.Version  - HHH000412: Hibernate ORM core version 5.4.27.Final
[main] INFO  org.hibernate.annotations.common.Version  - HCANN000001: Hibernate Commons Annotations {5.1.2.Final}
[main] WARN  org.hibernate.orm.connections.pooling  - HHH10001002: Using Hibernate built-in connection pool (not for production use!)
[main] INFO  org.hibernate.orm.connections.pooling  - HHH10001005: using driver [com.mysql.cj.jdbc.Driver] at URL [jdbc:mysql://localhost:3306/mysql?serverTimezone=Europe/Warsaw]
[main] INFO  org.hibernate.orm.connections.pooling  - HHH10001001: Connection properties: {password=****, user=root}
[main] INFO  org.hibernate.orm.connections.pooling  - HHH10001003: Autocommit mode: false
[main] INFO  org.hibernate.engine.jdbc.connections.internal.DriverManagerConnectionProviderImpl  - HHH000115: Hibernate connection pool size: 20 (min=1)
[main] INFO  org.hibernate.dialect.Dialect  - HHH000400: Using dialect: org.hibernate.dialect.MySQL8Dialect
[main] INFO  org.hibernate.id.enhanced.TableGenerator  - HHH000398: Explicit segment value for id generator [hibernate_sequences.sequence_name] suggested; using default [default]
[main] INFO  org.hibernate.engine.transaction.jta.platform.internal.JtaPlatformInitiator  - HHH000490: Using JtaPlatform implementation: [org.hibernate.engine.transaction.jta.platform.internal.NoJtaPlatform]
[main] INFO  org.hibernate.orm.connections.pooling  - HHH10001008: Cleaning up connection pool [jdbc:mysql://localhost:3306/mysql?serverTimezone=Europe/Warsaw]
[main] INFO  org.hibernate.Version  - HHH000412: Hibernate ORM core version 5.4.27.Final
[main] INFO  org.hibernate.annotations.common.Version  - HCANN000001: Hibernate Commons Annotations {5.1.2.Final}
[main] WARN  org.hibernate.orm.connections.pooling  - HHH10001002: Using Hibernate built-in connection pool (not for production use!)
[main] INFO  org.hibernate.orm.connections.pooling  - HHH10001005: using driver [com.mysql.cj.jdbc.Driver] at URL [jdbc:mysql://localhost:3306/mysql?serverTimezone=Europe/Warsaw]
[main] INFO  org.hibernate.orm.connections.pooling  - HHH10001001: Connection properties: {password=****, user=root}
[main] INFO  org.hibernate.orm.connections.pooling  - HHH10001003: Autocommit mode: false
[main] INFO  org.hibernate.engine.jdbc.connections.internal.DriverManagerConnectionProviderImpl  - HHH000115: Hibernate connection pool size: 20 (min=1)
[main] INFO  org.hibernate.dialect.Dialect  - HHH000400: Using dialect: org.hibernate.dialect.MySQL8Dialect
[main] INFO  org.hibernate.id.enhanced.TableGenerator  - HHH000398: Explicit segment value for id generator [hibernate_sequences.sequence_name] suggested; using default [default]
[main] INFO  org.hibernate.orm.connections.access  - HHH10001501: Connection obtained from JdbcConnectionAccess [org.hibernate.engine.jdbc.env.internal.JdbcEnvironmentInitiator$ConnectionProviderJdbcConnectionAccess@35c4e864] for (non-JTA) DDL execution was not in auto-commit mode; the Connection 'local transaction' will be committed and the Connection will be set into auto-commit mode.
[main] INFO  org.hibernate.engine.transaction.jta.platform.internal.JtaPlatformInitiator  - HHH000490: Using JtaPlatform implementation: [org.hibernate.engine.transaction.jta.platform.internal.NoJtaPlatform]
[main] INFO  org.hibernate.orm.connections.pooling  - HHH10001008: Cleaning up connection pool [jdbc:mysql://localhost:3306/mysql?serverTimezone=Europe/Warsaw]
[main] INFO  org.hibernate.Version  - HHH000412: Hibernate ORM core version 5.4.27.Final
[main] INFO  org.hibernate.annotations.common.Version  - HCANN000001: Hibernate Commons Annotations {5.1.2.Final}
[main] WARN  org.hibernate.orm.connections.pooling  - HHH10001002: Using Hibernate built-in connection pool (not for production use!)
[main] INFO  org.hibernate.orm.connections.pooling  - HHH10001005: using driver [com.mysql.cj.jdbc.Driver] at URL [jdbc:mysql://localhost:3306/mysql?serverTimezone=Europe/Warsaw]
[main] INFO  org.hibernate.orm.connections.pooling  - HHH10001001: Connection properties: {password=****, user=root}
[main] INFO  org.hibernate.orm.connections.pooling  - HHH10001003: Autocommit mode: false
[main] INFO  org.hibernate.engine.jdbc.connections.internal.DriverManagerConnectionProviderImpl  - HHH000115: Hibernate connection pool size: 20 (min=1)
[main] INFO  org.hibernate.dialect.Dialect  - HHH000400: Using dialect: org.hibernate.dialect.MySQL8Dialect
[main] INFO  org.hibernate.id.enhanced.TableGenerator  - HHH000398: Explicit segment value for id generator [hibernate_sequences.sequence_name] suggested; using default [default]
[main] INFO  org.hibernate.orm.connections.access  - HHH10001501: Connection obtained from JdbcConnectionAccess [org.hibernate.engine.jdbc.env.internal.JdbcEnvironmentInitiator$ConnectionProviderJdbcConnectionAccess@3ba3d4b6] for (non-JTA) DDL execution was not in auto-commit mode; the Connection 'local transaction' will be committed and the Connection will be set into auto-commit mode.
[main] WARN  org.hibernate.tool.schema.internal.ExceptionHandlerLoggedImpl  - GenerationTarget encountered exception accepting command : Error executing DDL "create table address (id integer not null, city varchar(255), number varchar(255), street varchar(255), primary key (id)) engine=InnoDB" via JDBC Statement
org.hibernate.tool.schema.spi.CommandAcceptanceException: Error executing DDL "create table address (id integer not null, city varchar(255), number varchar(255), street varchar(255), primary key (id)) engine=InnoDB" via JDBC Statement
	at org.hibernate.tool.schema.internal.exec.GenerationTargetToDatabase.accept(GenerationTargetToDatabase.java:67)
	at org.hibernate.tool.schema.internal.AbstractSchemaMigrator.applySqlString(AbstractSchemaMigrator.java:559)
	at org.hibernate.tool.schema.internal.AbstractSchemaMigrator.applySqlStrings(AbstractSchemaMigrator.java:504)
	at org.hibernate.tool.schema.internal.AbstractSchemaMigrator.createTable(AbstractSchemaMigrator.java:277)
	at org.hibernate.tool.schema.internal.GroupedSchemaMigratorImpl.performTablesMigration(GroupedSchemaMigratorImpl.java:71)
	at org.hibernate.tool.schema.internal.AbstractSchemaMigrator.performMigration(AbstractSchemaMigrator.java:207)
	at org.hibernate.tool.schema.internal.AbstractSchemaMigrator.doMigration(AbstractSchemaMigrator.java:114)
	at org.hibernate.tool.schema.spi.SchemaManagementToolCoordinator.performDatabaseAction(SchemaManagementToolCoordinator.java:184)
	at org.hibernate.tool.schema.spi.SchemaManagementToolCoordinator.process(SchemaManagementToolCoordinator.java:73)
	at org.hibernate.internal.SessionFactoryImpl.<init>(SessionFactoryImpl.java:316)
	at org.hibernate.boot.internal.SessionFactoryBuilderImpl.build(SessionFactoryBuilderImpl.java:469)
	at org.hibernate.cfg.Configuration.buildSessionFactory(Configuration.java:708)
	at org.hibernate.cfg.Configuration.buildSessionFactory(Configuration.java:724)
	at relations.oneToOne.Main.main(Main.java:10)
Caused by: java.sql.SQLSyntaxErrorException: Table 'address' already exists
	at com.mysql.cj.jdbc.exceptions.SQLError.createSQLException(SQLError.java:120)
	at com.mysql.cj.jdbc.exceptions.SQLError.createSQLException(SQLError.java:97)
	at com.mysql.cj.jdbc.exceptions.SQLExceptionsMapping.translateException(SQLExceptionsMapping.java:122)
	at com.mysql.cj.jdbc.StatementImpl.executeInternal(StatementImpl.java:764)
	at com.mysql.cj.jdbc.StatementImpl.execute(StatementImpl.java:648)
	at org.hibernate.tool.schema.internal.exec.GenerationTargetToDatabase.accept(GenerationTargetToDatabase.java:54)
	... 13 more
[main] WARN  org.hibernate.tool.schema.internal.ExceptionHandlerLoggedImpl  - GenerationTarget encountered exception accepting command : Error executing DDL "create table hibernate_sequences (sequence_name varchar(255) not null, next_val bigint, primary key (sequence_name)) engine=InnoDB" via JDBC Statement
org.hibernate.tool.schema.spi.CommandAcceptanceException: Error executing DDL "create table hibernate_sequences (sequence_name varchar(255) not null, next_val bigint, primary key (sequence_name)) engine=InnoDB" via JDBC Statement
	at org.hibernate.tool.schema.internal.exec.GenerationTargetToDatabase.accept(GenerationTargetToDatabase.java:67)
	at org.hibernate.tool.schema.internal.AbstractSchemaMigrator.applySqlString(AbstractSchemaMigrator.java:559)
	at org.hibernate.tool.schema.internal.AbstractSchemaMigrator.applySqlStrings(AbstractSchemaMigrator.java:504)
	at org.hibernate.tool.schema.internal.AbstractSchemaMigrator.createTable(AbstractSchemaMigrator.java:277)
	at org.hibernate.tool.schema.internal.GroupedSchemaMigratorImpl.performTablesMigration(GroupedSchemaMigratorImpl.java:71)
	at org.hibernate.tool.schema.internal.AbstractSchemaMigrator.performMigration(AbstractSchemaMigrator.java:207)
	at org.hibernate.tool.schema.internal.AbstractSchemaMigrator.doMigration(AbstractSchemaMigrator.java:114)
	at org.hibernate.tool.schema.spi.SchemaManagementToolCoordinator.performDatabaseAction(SchemaManagementToolCoordinator.java:184)
	at org.hibernate.tool.schema.spi.SchemaManagementToolCoordinator.process(SchemaManagementToolCoordinator.java:73)
	at org.hibernate.internal.SessionFactoryImpl.<init>(SessionFactoryImpl.java:316)
	at org.hibernate.boot.internal.SessionFactoryBuilderImpl.build(SessionFactoryBuilderImpl.java:469)
	at org.hibernate.cfg.Configuration.buildSessionFactory(Configuration.java:708)
	at org.hibernate.cfg.Configuration.buildSessionFactory(Configuration.java:724)
	at relations.oneToOne.Main.main(Main.java:10)
Caused by: java.sql.SQLSyntaxErrorException: Table 'hibernate_sequences' already exists
	at com.mysql.cj.jdbc.exceptions.SQLError.createSQLException(SQLError.java:120)
	at com.mysql.cj.jdbc.exceptions.SQLError.createSQLException(SQLError.java:97)
	at com.mysql.cj.jdbc.exceptions.SQLExceptionsMapping.translateException(SQLExceptionsMapping.java:122)
	at com.mysql.cj.jdbc.StatementImpl.executeInternal(StatementImpl.java:764)
	at com.mysql.cj.jdbc.StatementImpl.execute(StatementImpl.java:648)
	at org.hibernate.tool.schema.internal.exec.GenerationTargetToDatabase.accept(GenerationTargetToDatabase.java:54)
	... 13 more
[main] WARN  org.hibernate.tool.schema.internal.ExceptionHandlerLoggedImpl  - GenerationTarget encountered exception accepting command : Error executing DDL "insert into hibernate_sequences(sequence_name, next_val) values ('default',0)" via JDBC Statement
org.hibernate.tool.schema.spi.CommandAcceptanceException: Error executing DDL "insert into hibernate_sequences(sequence_name, next_val) values ('default',0)" via JDBC Statement
	at org.hibernate.tool.schema.internal.exec.GenerationTargetToDatabase.accept(GenerationTargetToDatabase.java:67)
	at org.hibernate.tool.schema.internal.AbstractSchemaMigrator.applySqlString(AbstractSchemaMigrator.java:559)
	at org.hibernate.tool.schema.internal.AbstractSchemaMigrator.applySqlStrings(AbstractSchemaMigrator.java:504)
	at org.hibernate.tool.schema.internal.AbstractSchemaMigrator.createTable(AbstractSchemaMigrator.java:277)
	at org.hibernate.tool.schema.internal.GroupedSchemaMigratorImpl.performTablesMigration(GroupedSchemaMigratorImpl.java:71)
	at org.hibernate.tool.schema.internal.AbstractSchemaMigrator.performMigration(AbstractSchemaMigrator.java:207)
	at org.hibernate.tool.schema.internal.AbstractSchemaMigrator.doMigration(AbstractSchemaMigrator.java:114)
	at org.hibernate.tool.schema.spi.SchemaManagementToolCoordinator.performDatabaseAction(SchemaManagementToolCoordinator.java:184)
	at org.hibernate.tool.schema.spi.SchemaManagementToolCoordinator.process(SchemaManagementToolCoordinator.java:73)
	at org.hibernate.internal.SessionFactoryImpl.<init>(SessionFactoryImpl.java:316)
	at org.hibernate.boot.internal.SessionFactoryBuilderImpl.build(SessionFactoryBuilderImpl.java:469)
	at org.hibernate.cfg.Configuration.buildSessionFactory(Configuration.java:708)
	at org.hibernate.cfg.Configuration.buildSessionFactory(Configuration.java:724)
	at relations.oneToOne.Main.main(Main.java:10)
Caused by: java.sql.SQLIntegrityConstraintViolationException: Duplicate entry 'default' for key 'hibernate_sequences.PRIMARY'
	at com.mysql.cj.jdbc.exceptions.SQLError.createSQLException(SQLError.java:117)
	at com.mysql.cj.jdbc.exceptions.SQLError.createSQLException(SQLError.java:97)
	at com.mysql.cj.jdbc.exceptions.SQLExceptionsMapping.translateException(SQLExceptionsMapping.java:122)
	at com.mysql.cj.jdbc.StatementImpl.executeInternal(StatementImpl.java:764)
	at com.mysql.cj.jdbc.StatementImpl.execute(StatementImpl.java:648)
	at org.hibernate.tool.schema.internal.exec.GenerationTargetToDatabase.accept(GenerationTargetToDatabase.java:54)
	... 13 more
[main] WARN  org.hibernate.tool.schema.internal.ExceptionHandlerLoggedImpl  - GenerationTarget encountered exception accepting command : Error executing DDL "create table people (id integer not null, name varchar(255), primary key (id)) engine=InnoDB" via JDBC Statement
org.hibernate.tool.schema.spi.CommandAcceptanceException: Error executing DDL "create table people (id integer not null, name varchar(255), primary key (id)) engine=InnoDB" via JDBC Statement
	at org.hibernate.tool.schema.internal.exec.GenerationTargetToDatabase.accept(GenerationTargetToDatabase.java:67)
	at org.hibernate.tool.schema.internal.AbstractSchemaMigrator.applySqlString(AbstractSchemaMigrator.java:559)
	at org.hibernate.tool.schema.internal.AbstractSchemaMigrator.applySqlStrings(AbstractSchemaMigrator.java:504)
	at org.hibernate.tool.schema.internal.AbstractSchemaMigrator.createTable(AbstractSchemaMigrator.java:277)
	at org.hibernate.tool.schema.internal.GroupedSchemaMigratorImpl.performTablesMigration(GroupedSchemaMigratorImpl.java:71)
	at org.hibernate.tool.schema.internal.AbstractSchemaMigrator.performMigration(AbstractSchemaMigrator.java:207)
	at org.hibernate.tool.schema.internal.AbstractSchemaMigrator.doMigration(AbstractSchemaMigrator.java:114)
	at org.hibernate.tool.schema.spi.SchemaManagementToolCoordinator.performDatabaseAction(SchemaManagementToolCoordinator.java:184)
	at org.hibernate.tool.schema.spi.SchemaManagementToolCoordinator.process(SchemaManagementToolCoordinator.java:73)
	at org.hibernate.internal.SessionFactoryImpl.<init>(SessionFactoryImpl.java:316)
	at org.hibernate.boot.internal.SessionFactoryBuilderImpl.build(SessionFactoryBuilderImpl.java:469)
	at org.hibernate.cfg.Configuration.buildSessionFactory(Configuration.java:708)
	at org.hibernate.cfg.Configuration.buildSessionFactory(Configuration.java:724)
	at relations.oneToOne.Main.main(Main.java:10)
Caused by: java.sql.SQLSyntaxErrorException: Table 'people' already exists
	at com.mysql.cj.jdbc.exceptions.SQLError.createSQLException(SQLError.java:120)
	at com.mysql.cj.jdbc.exceptions.SQLError.createSQLException(SQLError.java:97)
	at com.mysql.cj.jdbc.exceptions.SQLExceptionsMapping.translateException(SQLExceptionsMapping.java:122)
	at com.mysql.cj.jdbc.StatementImpl.executeInternal(StatementImpl.java:764)
	at com.mysql.cj.jdbc.StatementImpl.execute(StatementImpl.java:648)
	at org.hibernate.tool.schema.internal.exec.GenerationTargetToDatabase.accept(GenerationTargetToDatabase.java:54)
	... 13 more
[main] INFO  org.hibernate.engine.transaction.jta.platform.internal.JtaPlatformInitiator  - HHH000490: Using JtaPlatform implementation: [org.hibernate.engine.transaction.jta.platform.internal.NoJtaPlatform]
[main] INFO  org.hibernate.orm.connections.pooling  - HHH10001008: Cleaning up connection pool [jdbc:mysql://localhost:3306/mysql?serverTimezone=Europe/Warsaw]
[main] INFO  org.hibernate.Version  - HHH000412: Hibernate ORM core version 5.4.27.Final
[main] INFO  org.hibernate.annotations.common.Version  - HCANN000001: Hibernate Commons Annotations {5.1.2.Final}
[main] WARN  org.hibernate.orm.connections.pooling  - HHH10001002: Using Hibernate built-in connection pool (not for production use!)
[main] INFO  org.hibernate.orm.connections.pooling  - HHH10001005: using driver [com.mysql.cj.jdbc.Driver] at URL [jdbc:mysql://localhost:3306/mysql?serverTimezone=Europe/Warsaw]
[main] INFO  org.hibernate.orm.connections.pooling  - HHH10001001: Connection properties: {password=****, user=root}
[main] INFO  org.hibernate.orm.connections.pooling  - HHH10001003: Autocommit mode: false
[main] INFO  org.hibernate.engine.jdbc.connections.internal.DriverManagerConnectionProviderImpl  - HHH000115: Hibernate connection pool size: 20 (min=1)
[main] INFO  org.hibernate.dialect.Dialect  - HHH000400: Using dialect: org.hibernate.dialect.MySQL8Dialect
[main] INFO  org.hibernate.id.enhanced.TableGenerator  - HHH000398: Explicit segment value for id generator [hibernate_sequences.sequence_name] suggested; using default [default]
[main] INFO  org.hibernate.engine.transaction.jta.platform.internal.JtaPlatformInitiator  - HHH000490: Using JtaPlatform implementation: [org.hibernate.engine.transaction.jta.platform.internal.NoJtaPlatform]
[main] INFO  org.hibernate.orm.connections.pooling  - HHH10001008: Cleaning up connection pool [jdbc:mysql://localhost:3306/mysql?serverTimezone=Europe/Warsaw]
[main] INFO  org.hibernate.Version  - HHH000412: Hibernate ORM core version 5.4.27.Final
[main] INFO  org.hibernate.annotations.common.Version  - HCANN000001: Hibernate Commons Annotations {5.1.2.Final}
[main] WARN  org.hibernate.orm.connections.pooling  - HHH10001002: Using Hibernate built-in connection pool (not for production use!)
[main] INFO  org.hibernate.orm.connections.pooling  - HHH10001005: using driver [com.mysql.cj.jdbc.Driver] at URL [jdbc:mysql://localhost:3306/mysql?serverTimezone=Europe/Warsaw]
[main] INFO  org.hibernate.orm.connections.pooling  - HHH10001001: Connection properties: {password=****, user=root}
[main] INFO  org.hibernate.orm.connections.pooling  - HHH10001003: Autocommit mode: false
[main] INFO  org.hibernate.engine.jdbc.connections.internal.DriverManagerConnectionProviderImpl  - HHH000115: Hibernate connection pool size: 20 (min=1)
[main] INFO  org.hibernate.dialect.Dialect  - HHH000400: Using dialect: org.hibernate.dialect.MySQL8Dialect
[main] INFO  org.hibernate.id.enhanced.TableGenerator  - HHH000398: Explicit segment value for id generator [hibernate_sequences.sequence_name] suggested; using default [default]
[main] INFO  org.hibernate.engine.transaction.jta.platform.internal.JtaPlatformInitiator  - HHH000490: Using JtaPlatform implementation: [org.hibernate.engine.transaction.jta.platform.internal.NoJtaPlatform]
[main] INFO  org.hibernate.orm.connections.pooling  - HHH10001008: Cleaning up connection pool [jdbc:mysql://localhost:3306/mysql?serverTimezone=Europe/Warsaw]
[main] INFO  org.hibernate.Version  - HHH000412: Hibernate ORM core version 5.4.27.Final
[main] INFO  org.hibernate.annotations.common.Version  - HCANN000001: Hibernate Commons Annotations {5.1.2.Final}
[main] WARN  org.hibernate.orm.connections.pooling  - HHH10001002: Using Hibernate built-in connection pool (not for production use!)
[main] INFO  org.hibernate.orm.connections.pooling  - HHH10001005: using driver [com.mysql.cj.jdbc.Driver] at URL [jdbc:mysql://localhost:3306/mysql?serverTimezone=Europe/Warsaw]
[main] INFO  org.hibernate.orm.connections.pooling  - HHH10001001: Connection properties: {password=****, user=root}
[main] INFO  org.hibernate.orm.connections.pooling  - HHH10001003: Autocommit mode: false
[main] INFO  org.hibernate.engine.jdbc.connections.internal.DriverManagerConnectionProviderImpl  - HHH000115: Hibernate connection pool size: 20 (min=1)
[main] INFO  org.hibernate.dialect.Dialect  - HHH000400: Using dialect: org.hibernate.dialect.MySQL8Dialect
[main] INFO  org.hibernate.id.enhanced.TableGenerator  - HHH000398: Explicit segment value for id generator [hibernate_sequences.sequence_name] suggested; using default [default]
[main] INFO  org.hibernate.engine.transaction.jta.platform.internal.JtaPlatformInitiator  - HHH000490: Using JtaPlatform implementation: [org.hibernate.engine.transaction.jta.platform.internal.NoJtaPlatform]
[main] INFO  org.hibernate.orm.connections.pooling  - HHH10001008: Cleaning up connection pool [jdbc:mysql://localhost:3306/mysql?serverTimezone=Europe/Warsaw]
[main] INFO  org.hibernate.Version  - HHH000412: Hibernate ORM core version 5.4.27.Final
[main] INFO  org.hibernate.annotations.common.Version  - HCANN000001: Hibernate Commons Annotations {5.1.2.Final}
[main] WARN  org.hibernate.orm.connections.pooling  - HHH10001002: Using Hibernate built-in connection pool (not for production use!)
[main] INFO  org.hibernate.orm.connections.pooling  - HHH10001005: using driver [com.mysql.cj.jdbc.Driver] at URL [jdbc:mysql://localhost:3306/mysql?serverTimezone=Europe/Warsaw]
[main] INFO  org.hibernate.orm.connections.pooling  - HHH10001001: Connection properties: {password=****, user=root}
[main] INFO  org.hibernate.orm.connections.pooling  - HHH10001003: Autocommit mode: false
[main] INFO  org.hibernate.engine.jdbc.connections.internal.DriverManagerConnectionProviderImpl  - HHH000115: Hibernate connection pool size: 20 (min=1)
[main] INFO  org.hibernate.dialect.Dialect  - HHH000400: Using dialect: org.hibernate.dialect.MySQL8Dialect
[main] INFO  org.hibernate.id.enhanced.TableGenerator  - HHH000398: Explicit segment value for id generator [hibernate_sequences.sequence_name] suggested; using default [default]
[main] INFO  org.hibernate.engine.transaction.jta.platform.internal.JtaPlatformInitiator  - HHH000490: Using JtaPlatform implementation: [org.hibernate.engine.transaction.jta.platform.internal.NoJtaPlatform]
[main] INFO  org.hibernate.orm.connections.pooling  - HHH10001008: Cleaning up connection pool [jdbc:mysql://localhost:3306/mysql?serverTimezone=Europe/Warsaw]
[main] INFO  org.hibernate.Version  - HHH000412: Hibernate ORM core version 5.4.27.Final
[main] INFO  org.hibernate.annotations.common.Version  - HCANN000001: Hibernate Commons Annotations {5.1.2.Final}
[main] WARN  org.hibernate.orm.connections.pooling  - HHH10001002: Using Hibernate built-in connection pool (not for production use!)
[main] INFO  org.hibernate.orm.connections.pooling  - HHH10001005: using driver [com.mysql.cj.jdbc.Driver] at URL [jdbc:mysql://localhost:3306/mysql?serverTimezone=Europe/Warsaw]
[main] INFO  org.hibernate.orm.connections.pooling  - HHH10001001: Connection properties: {password=****, user=root}
[main] INFO  org.hibernate.orm.connections.pooling  - HHH10001003: Autocommit mode: false
[main] INFO  org.hibernate.engine.jdbc.connections.internal.DriverManagerConnectionProviderImpl  - HHH000115: Hibernate connection pool size: 20 (min=1)
[main] INFO  org.hibernate.dialect.Dialect  - HHH000400: Using dialect: org.hibernate.dialect.MySQL8Dialect
[main] INFO  org.hibernate.id.enhanced.TableGenerator  - HHH000398: Explicit segment value for id generator [hibernate_sequences.sequence_name] suggested; using default [default]
[main] INFO  org.hibernate.engine.transaction.jta.platform.internal.JtaPlatformInitiator  - HHH000490: Using JtaPlatform implementation: [org.hibernate.engine.transaction.jta.platform.internal.NoJtaPlatform]
[main] INFO  org.hibernate.orm.connections.pooling  - HHH10001008: Cleaning up connection pool [jdbc:mysql://localhost:3306/mysql?serverTimezone=Europe/Warsaw]
[main] INFO  org.hibernate.Version  - HHH000412: Hibernate ORM core version 5.4.27.Final
[main] INFO  org.hibernate.annotations.common.Version  - HCANN000001: Hibernate Commons Annotations {5.1.2.Final}
[main] WARN  org.hibernate.orm.connections.pooling  - HHH10001002: Using Hibernate built-in connection pool (not for production use!)
[main] INFO  org.hibernate.orm.connections.pooling  - HHH10001005: using driver [com.mysql.cj.jdbc.Driver] at URL [jdbc:mysql://localhost:3306/mysql?serverTimezone=Europe/Warsaw]
[main] INFO  org.hibernate.orm.connections.pooling  - HHH10001001: Connection properties: {password=****, user=root}
[main] INFO  org.hibernate.orm.connections.pooling  - HHH10001003: Autocommit mode: false
[main] INFO  org.hibernate.engine.jdbc.connections.internal.DriverManagerConnectionProviderImpl  - HHH000115: Hibernate connection pool size: 20 (min=1)
[main] INFO  org.hibernate.dialect.Dialect  - HHH000400: Using dialect: org.hibernate.dialect.MySQL8Dialect
[main] INFO  org.hibernate.id.enhanced.TableGenerator  - HHH000398: Explicit segment value for id generator [hibernate_sequences.sequence_name] suggested; using default [default]
[main] INFO  org.hibernate.engine.transaction.jta.platform.internal.JtaPlatformInitiator  - HHH000490: Using JtaPlatform implementation: [org.hibernate.engine.transaction.jta.platform.internal.NoJtaPlatform]
[main] INFO  org.hibernate.orm.connections.pooling  - HHH10001008: Cleaning up connection pool [jdbc:mysql://localhost:3306/mysql?serverTimezone=Europe/Warsaw]
[main] INFO  org.hibernate.Version  - HHH000412: Hibernate ORM core version 5.4.27.Final
[main] INFO  org.hibernate.annotations.common.Version  - HCANN000001: Hibernate Commons Annotations {5.1.2.Final}
[main] WARN  org.hibernate.orm.connections.pooling  - HHH10001002: Using Hibernate built-in connection pool (not for production use!)
[main] INFO  org.hibernate.orm.connections.pooling  - HHH10001005: using driver [com.mysql.cj.jdbc.Driver] at URL [jdbc:mysql://localhost:3306/mysql?serverTimezone=Europe/Warsaw]
[main] INFO  org.hibernate.orm.connections.pooling  - HHH10001001: Connection properties: {password=****, user=root}
[main] INFO  org.hibernate.orm.connections.pooling  - HHH10001003: Autocommit mode: false
[main] INFO  org.hibernate.engine.jdbc.connections.internal.DriverManagerConnectionProviderImpl  - HHH000115: Hibernate connection pool size: 20 (min=1)
[main] INFO  org.hibernate.dialect.Dialect  - HHH000400: Using dialect: org.hibernate.dialect.MySQL8Dialect
[main] INFO  org.hibernate.id.enhanced.TableGenerator  - HHH000398: Explicit segment value for id generator [hibernate_sequences.sequence_name] suggested; using default [default]
[main] INFO  org.hibernate.engine.transaction.jta.platform.internal.JtaPlatformInitiator  - HHH000490: Using JtaPlatform implementation: [org.hibernate.engine.transaction.jta.platform.internal.NoJtaPlatform]
[main] INFO  org.hibernate.orm.connections.pooling  - HHH10001008: Cleaning up connection pool [jdbc:mysql://localhost:3306/mysql?serverTimezone=Europe/Warsaw]
[main] INFO  org.hibernate.Version  - HHH000412: Hibernate ORM core version 5.4.27.Final
[main] INFO  org.hibernate.annotations.common.Version  - HCANN000001: Hibernate Commons Annotations {5.1.2.Final}
[main] WARN  org.hibernate.orm.connections.pooling  - HHH10001002: Using Hibernate built-in connection pool (not for production use!)
[main] INFO  org.hibernate.orm.connections.pooling  - HHH10001005: using driver [com.mysql.cj.jdbc.Driver] at URL [jdbc:mysql://localhost:3306/mysql?serverTimezone=Europe/Warsaw]
[main] INFO  org.hibernate.orm.connections.pooling  - HHH10001001: Connection properties: {password=****, user=root}
[main] INFO  org.hibernate.orm.connections.pooling  - HHH10001003: Autocommit mode: false
[main] INFO  org.hibernate.engine.jdbc.connections.internal.DriverManagerConnectionProviderImpl  - HHH000115: Hibernate connection pool size: 20 (min=1)
[main] INFO  org.hibernate.dialect.Dialect  - HHH000400: Using dialect: org.hibernate.dialect.MySQL8Dialect
[main] INFO  org.hibernate.id.enhanced.TableGenerator  - HHH000398: Explicit segment value for id generator [hibernate_sequences.sequence_name] suggested; using default [default]
[main] INFO  org.hibernate.engine.transaction.jta.platform.internal.JtaPlatformInitiator  - HHH000490: Using JtaPlatform implementation: [org.hibernate.engine.transaction.jta.platform.internal.NoJtaPlatform]
[main] INFO  org.hibernate.orm.connections.pooling  - HHH10001008: Cleaning up connection pool [jdbc:mysql://localhost:3306/mysql?serverTimezone=Europe/Warsaw]
